# JRE version: Java(TM) SE Runtime Environment (8.0_121-b13) (build 1.8.0_121-b13)
# Java VM: Java HotSpot(TM) 64-Bit Server VM (25.121-b13 mixed mode windows-amd64 compressed oops)
Heap:
 PSYoungGen      total 172544K, used 145498K [0x00000000d5580000, 0x00000000e0b00000, 0x0000000100000000)
  eden space 159232K, 91% used [0x00000000d5580000,0x00000000de396910,0x00000000df100000)
  from space 13312K, 0% used [0x00000000df100000,0x00000000df100000,0x00000000dfe00000)
  to   space 10752K, 0% used [0x00000000dfe80000,0x00000000dfe80000,0x00000000e0900000)
 ParOldGen       total 104960K, used 25240K [0x0000000080000000, 0x0000000086680000, 0x00000000d5580000)
  object space 104960K, 24% used [0x0000000080000000,0x00000000818a6250,0x0000000086680000)
 Metaspace       used 37116K, capacity 37804K, committed 37888K, reserved 1083392K
  class space    used 4656K, capacity 4846K, committed 4864K, reserved 1048576K
GC Heap History (10 events):
Event: 2.881 GC heap before
{Heap before GC invocations=7 (full 1):
 PSYoungGen      total 71680K, used 70852K [0x00000000d5580000, 0x00000000dd080000, 0x0000000100000000)
  eden space 66560K, 100% used [0x00000000d5580000,0x00000000d9680000,0x00000000d9680000)
  from space 5120K, 83% used [0x00000000d9680000,0x00000000d9ab10b8,0x00000000d9b80000)
  to   space 10752K, 0% used [0x00000000dc600000,0x00000000dc600000,0x00000000dd080000)
 ParOldGen       total 61952K, used 9986K [0x0000000080000000, 0x0000000083c80000, 0x00000000d5580000)
  object space 61952K, 16% used [0x0000000080000000,0x00000000809c0870,0x0000000083c80000)
 Metaspace       used 24001K, capacity 24378K, committed 24704K, reserved 1071104K
  class space    used 3032K, capacity 3148K, committed 3200K, reserved 1048576K
Event: 2.886 GC heap after
Heap after GC invocations=7 (full 1):
 PSYoungGen      total 115200K, used 3862K [0x00000000d5580000, 0x00000000dd080000, 0x0000000100000000)
  eden space 104448K, 0% used [0x00000000d5580000,0x00000000d5580000,0x00000000dbb80000)
  from space 10752K, 35% used [0x00000000dc600000,0x00000000dc9c5a60,0x00000000dd080000)
  to   space 10752K, 0% used [0x00000000dbb80000,0x00000000dbb80000,0x00000000dc600000)
 ParOldGen       total 61952K, used 9994K [0x0000000080000000, 0x0000000083c80000, 0x00000000d5580000)
  object space 61952K, 16% used [0x0000000080000000,0x00000000809c2870,0x0000000083c80000)
 Metaspace       used 24001K, capacity 24378K, committed 24704K, reserved 1071104K
  class space    used 3032K, capacity 3148K, committed 3200K, reserved 1048576K
}
Event: 3.473 GC heap before
{Heap before GC invocations=8 (full 1):
 PSYoungGen      total 115200K, used 108310K [0x00000000d5580000, 0x00000000dd080000, 0x0000000100000000)
  eden space 104448K, 100% used [0x00000000d5580000,0x00000000dbb80000,0x00000000dbb80000)
  from space 10752K, 35% used [0x00000000dc600000,0x00000000dc9c5a60,0x00000000dd080000)
  to   space 10752K, 0% used [0x00000000dbb80000,0x00000000dbb80000,0x00000000dc600000)
 ParOldGen       total 61952K, used 9994K [0x0000000080000000, 0x0000000083c80000, 0x00000000d5580000)
  object space 61952K, 16% used [0x0000000080000000,0x00000000809c2870,0x0000000083c80000)
 Metaspace       used 25712K, capacity 26058K, committed 26240K, reserved 1073152K
  class space    used 3260K, capacity 3380K, committed 3456K, reserved 1048576K
Event: 3.483 GC heap after
Heap after GC invocations=8 (full 1):
 PSYoungGen      total 115200K, used 7016K [0x00000000d5580000, 0x00000000e0900000, 0x0000000100000000)
  eden space 104448K, 0% used [0x00000000d5580000,0x00000000d5580000,0x00000000dbb80000)
  from space 10752K, 65% used [0x00000000dbb80000,0x00000000dc25a2c8,0x00000000dc600000)
  to   space 10752K, 0% used [0x00000000dfe80000,0x00000000dfe80000,0x00000000e0900000)
 ParOldGen       total 61952K, used 10002K [0x0000000080000000, 0x0000000083c80000, 0x00000000d5580000)
  object space 61952K, 16% used [0x0000000080000000,0x00000000809c4870,0x0000000083c80000)
 Metaspace       used 25712K, capacity 26058K, committed 26240K, reserved 1073152K
  class space    used 3260K, capacity 3380K, committed 3456K, reserved 1048576K
}
Event: 5.389 GC heap before
{Heap before GC invocations=9 (full 1):
 PSYoungGen      total 115200K, used 111464K [0x00000000d5580000, 0x00000000e0900000, 0x0000000100000000)
  eden space 104448K, 100% used [0x00000000d5580000,0x00000000dbb80000,0x00000000dbb80000)
  from space 10752K, 65% used [0x00000000dbb80000,0x00000000dc25a2c8,0x00000000dc600000)
  to   space 10752K, 0% used [0x00000000dfe80000,0x00000000dfe80000,0x00000000e0900000)
 ParOldGen       total 61952K, used 10002K [0x0000000080000000, 0x0000000083c80000, 0x00000000d5580000)
  object space 61952K, 16% used [0x0000000080000000,0x00000000809c4870,0x0000000083c80000)
 Metaspace       used 31877K, capacity 32274K, committed 32640K, reserved 1077248K
  class space    used 3980K, capacity 4111K, committed 4224K, reserved 1048576K
Event: 5.409 GC heap after
Heap after GC invocations=9 (full 1):
 PSYoungGen      total 169984K, used 10736K [0x00000000d5580000, 0x00000000e0b00000, 0x0000000100000000)
  eden space 159232K, 0% used [0x00000000d5580000,0x00000000d5580000,0x00000000df100000)
  from space 10752K, 99% used [0x00000000dfe80000,0x00000000e08fc038,0x00000000e0900000)
  to   space 13312K, 0% used [0x00000000df100000,0x00000000df100000,0x00000000dfe00000)
 ParOldGen       total 61952K, used 12580K [0x0000000080000000, 0x0000000083c80000, 0x00000000d5580000)
  object space 61952K, 20% used [0x0000000080000000,0x0000000080c49370,0x0000000083c80000)
 Metaspace       used 31877K, capacity 32274K, committed 32640K, reserved 1077248K
  class space    used 3980K, capacity 4111K, committed 4224K, reserved 1048576K
}
Event: 7.692 GC heap before
{Heap before GC invocations=10 (full 1):
 PSYoungGen      total 169984K, used 144807K [0x00000000d5580000, 0x00000000e0b00000, 0x0000000100000000)
  eden space 159232K, 84% used [0x00000000d5580000,0x00000000dd86df68,0x00000000df100000)
  from space 10752K, 99% used [0x00000000dfe80000,0x00000000e08fc038,0x00000000e0900000)
  to   space 13312K, 0% used [0x00000000df100000,0x00000000df100000,0x00000000dfe00000)
 ParOldGen       total 61952K, used 12580K [0x0000000080000000, 0x0000000083c80000, 0x00000000d5580000)
  object space 61952K, 20% used [0x0000000080000000,0x0000000080c49370,0x0000000083c80000)
 Metaspace       used 34678K, capacity 35146K, committed 35416K, reserved 1081344K
  class space    used 4355K, capacity 4515K, committed 4608K, reserved 1048576K
Event: 7.732 GC heap after
Heap after GC invocations=10 (full 1):
 PSYoungGen      total 172544K, used 13299K [0x00000000d5580000, 0x00000000e0b00000, 0x0000000100000000)
  eden space 159232K, 0% used [0x00000000d5580000,0x00000000d5580000,0x00000000df100000)
  from space 13312K, 99% used [0x00000000df100000,0x00000000dfdfcc08,0x00000000dfe00000)
  to   space 10752K, 0% used [0x00000000dfe80000,0x00000000dfe80000,0x00000000e0900000)
 ParOldGen       total 61952K, used 16854K [0x0000000080000000, 0x0000000083c80000, 0x00000000d5580000)
  object space 61952K, 27% used [0x0000000080000000,0x0000000081075a50,0x0000000083c80000)
 Metaspace       used 34678K, capacity 35146K, committed 35416K, reserved 1081344K
  class space    used 4355K, capacity 4515K, committed 4608K, reserved 1048576K
}
Event: 7.732 GC heap before
{Heap before GC invocations=11 (full 2):
 PSYoungGen      total 172544K, used 13299K [0x00000000d5580000, 0x00000000e0b00000, 0x0000000100000000)
  eden space 159232K, 0% used [0x00000000d5580000,0x00000000d5580000,0x00000000df100000)
  from space 13312K, 99% used [0x00000000df100000,0x00000000dfdfcc08,0x00000000dfe00000)
  to   space 10752K, 0% used [0x00000000dfe80000,0x00000000dfe80000,0x00000000e0900000)
 ParOldGen       total 61952K, used 16854K [0x0000000080000000, 0x0000000083c80000, 0x00000000d5580000)
  object space 61952K, 27% used [0x0000000080000000,0x0000000081075a50,0x0000000083c80000)
 Metaspace       used 34678K, capacity 35146K, committed 35416K, reserved 1081344K
  class space    used 4355K, capacity 4515K, committed 4608K, reserved 1048576K
Event: 7.912 GC heap after
Heap after GC invocations=11 (full 2):
 PSYoungGen      total 172544K, used 0K [0x00000000d5580000, 0x00000000e0b00000, 0x0000000100000000)
  eden space 159232K, 0% used [0x00000000d5580000,0x00000000d5580000,0x00000000df100000)
  from space 13312K, 0% used [0x00000000df100000,0x00000000df100000,0x00000000dfe00000)
  to   space 10752K, 0% used [0x00000000dfe80000,0x00000000dfe80000,0x00000000e0900000)
 ParOldGen       total 104960K, used 25240K [0x0000000080000000, 0x0000000086680000, 0x00000000d5580000)
  object space 104960K, 24% used [0x0000000080000000,0x00000000818a6250,0x0000000086680000)
 Metaspace       used 34678K, capacity 35146K, committed 35416K, reserved 1081344K
  class space    used 4355K, capacity 4515K, committed 4608K, reserved 1048576K
}

