# JRE version: Java(TM) SE Runtime Environment (8.0_121-b13) (build 1.8.0_121-b13)
# Java VM: Java HotSpot(TM) 64-Bit Server VM (25.121-b13 mixed mode windows-amd64 compressed oops)
Heap:
 PSYoungGen      total 197632K, used 151816K [0x00000000d5580000, 0x00000000e2d80000, 0x0000000100000000)
  eden space 188416K, 76% used [0x00000000d5580000,0x00000000de2853e8,0x00000000e0d80000)
  from space 9216K, 80% used [0x00000000e2480000,0x00000000e2bbcce8,0x00000000e2d80000)
  to   space 16384K, 0% used [0x00000000e0d80000,0x00000000e0d80000,0x00000000e1d80000)
 ParOldGen       total 105984K, used 25321K [0x0000000080000000, 0x0000000086780000, 0x00000000d5580000)
  object space 105984K, 23% used [0x0000000080000000,0x00000000818ba6a8,0x0000000086780000)
 Metaspace       used 44060K, capacity 44812K, committed 45056K, reserved 1089536K
  class space    used 5613K, capacity 5781K, committed 5888K, reserved 1048576K
GC Heap History (10 events):
Event: 3.525 GC heap before
{Heap before GC invocations=8 (full 1):
 PSYoungGen      total 112640K, used 105101K [0x00000000d5580000, 0x00000000dcf80000, 0x0000000100000000)
  eden space 101376K, 100% used [0x00000000d5580000,0x00000000db880000,0x00000000db880000)
  from space 11264K, 33% used [0x00000000dc380000,0x00000000dc7236b8,0x00000000dce80000)
  to   space 11264K, 0% used [0x00000000db880000,0x00000000db880000,0x00000000dc380000)
 ParOldGen       total 63488K, used 10143K [0x0000000080000000, 0x0000000083e00000, 0x00000000d5580000)
  object space 63488K, 15% used [0x0000000080000000,0x00000000809e7c48,0x0000000083e00000)
 Metaspace       used 25780K, capacity 26122K, committed 26240K, reserved 1073152K
  class space    used 3266K, capacity 3380K, committed 3456K, reserved 1048576K
Event: 3.537 GC heap after
Heap after GC invocations=8 (full 1):
 PSYoungGen      total 112640K, used 6982K [0x00000000d5580000, 0x00000000e0180000, 0x0000000100000000)
  eden space 101376K, 0% used [0x00000000d5580000,0x00000000d5580000,0x00000000db880000)
  from space 11264K, 61% used [0x00000000db880000,0x00000000dbf51aa8,0x00000000dc380000)
  to   space 10752K, 0% used [0x00000000df700000,0x00000000df700000,0x00000000e0180000)
 ParOldGen       total 63488K, used 10143K [0x0000000080000000, 0x0000000083e00000, 0x00000000d5580000)
  object space 63488K, 15% used [0x0000000080000000,0x00000000809e7c48,0x0000000083e00000)
 Metaspace       used 25780K, capacity 26122K, committed 26240K, reserved 1073152K
  class space    used 3266K, capacity 3380K, committed 3456K, reserved 1048576K
}
Event: 5.222 GC heap before
{Heap before GC invocations=9 (full 1):
 PSYoungGen      total 112640K, used 108358K [0x00000000d5580000, 0x00000000e0180000, 0x0000000100000000)
  eden space 101376K, 100% used [0x00000000d5580000,0x00000000db880000,0x00000000db880000)
  from space 11264K, 61% used [0x00000000db880000,0x00000000dbf51aa8,0x00000000dc380000)
  to   space 10752K, 0% used [0x00000000df700000,0x00000000df700000,0x00000000e0180000)
 ParOldGen       total 63488K, used 10143K [0x0000000080000000, 0x0000000083e00000, 0x00000000d5580000)
  object space 63488K, 15% used [0x0000000080000000,0x00000000809e7c48,0x0000000083e00000)
 Metaspace       used 31885K, capacity 32338K, committed 32640K, reserved 1077248K
  class space    used 3976K, capacity 4111K, committed 4224K, reserved 1048576K
Event: 5.238 GC heap after
Heap after GC invocations=9 (full 1):
 PSYoungGen      total 161280K, used 10728K [0x00000000d5580000, 0x00000000e0280000, 0x0000000100000000)
  eden space 150528K, 0% used [0x00000000d5580000,0x00000000d5580000,0x00000000de880000)
  from space 10752K, 99% used [0x00000000df700000,0x00000000e017a3d8,0x00000000e0180000)
  to   space 13312K, 0% used [0x00000000de880000,0x00000000de880000,0x00000000df580000)
 ParOldGen       total 63488K, used 12660K [0x0000000080000000, 0x0000000083e00000, 0x00000000d5580000)
  object space 63488K, 19% used [0x0000000080000000,0x0000000080c5d318,0x0000000083e00000)
 Metaspace       used 31885K, capacity 32338K, committed 32640K, reserved 1077248K
  class space    used 3976K, capacity 4111K, committed 4224K, reserved 1048576K
}
Event: 6.563 GC heap before
{Heap before GC invocations=10 (full 1):
 PSYoungGen      total 161280K, used 145110K [0x00000000d5580000, 0x00000000e0280000, 0x0000000100000000)
  eden space 150528K, 89% used [0x00000000d5580000,0x00000000dd8bb528,0x00000000de880000)
  from space 10752K, 99% used [0x00000000df700000,0x00000000e017a3d8,0x00000000e0180000)
  to   space 13312K, 0% used [0x00000000de880000,0x00000000de880000,0x00000000df580000)
 ParOldGen       total 63488K, used 12660K [0x0000000080000000, 0x0000000083e00000, 0x00000000d5580000)
  object space 63488K, 19% used [0x0000000080000000,0x0000000080c5d318,0x0000000083e00000)
 Metaspace       used 34742K, capacity 35210K, committed 35416K, reserved 1081344K
  class space    used 4356K, capacity 4515K, committed 4608K, reserved 1048576K
Event: 6.589 GC heap after
Heap after GC invocations=10 (full 1):
 PSYoungGen      total 163840K, used 13284K [0x00000000d5580000, 0x00000000e3500000, 0x0000000100000000)
  eden space 150528K, 0% used [0x00000000d5580000,0x00000000d5580000,0x00000000de880000)
  from space 13312K, 99% used [0x00000000de880000,0x00000000df579050,0x00000000df580000)
  to   space 16896K, 0% used [0x00000000e2480000,0x00000000e2480000,0x00000000e3500000)
 ParOldGen       total 63488K, used 16975K [0x0000000080000000, 0x0000000083e00000, 0x00000000d5580000)
  object space 63488K, 26% used [0x0000000080000000,0x0000000081093d28,0x0000000083e00000)
 Metaspace       used 34742K, capacity 35210K, committed 35416K, reserved 1081344K
  class space    used 4356K, capacity 4515K, committed 4608K, reserved 1048576K
}
Event: 6.589 GC heap before
{Heap before GC invocations=11 (full 2):
 PSYoungGen      total 163840K, used 13284K [0x00000000d5580000, 0x00000000e3500000, 0x0000000100000000)
  eden space 150528K, 0% used [0x00000000d5580000,0x00000000d5580000,0x00000000de880000)
  from space 13312K, 99% used [0x00000000de880000,0x00000000df579050,0x00000000df580000)
  to   space 16896K, 0% used [0x00000000e2480000,0x00000000e2480000,0x00000000e3500000)
 ParOldGen       total 63488K, used 16975K [0x0000000080000000, 0x0000000083e00000, 0x00000000d5580000)
  object space 63488K, 26% used [0x0000000080000000,0x0000000081093d28,0x0000000083e00000)
 Metaspace       used 34742K, capacity 35210K, committed 35416K, reserved 1081344K
  class space    used 4356K, capacity 4515K, committed 4608K, reserved 1048576K
Event: 6.720 GC heap after
Heap after GC invocations=11 (full 2):
 PSYoungGen      total 163840K, used 0K [0x00000000d5580000, 0x00000000e3500000, 0x0000000100000000)
  eden space 150528K, 0% used [0x00000000d5580000,0x00000000d5580000,0x00000000de880000)
  from space 13312K, 0% used [0x00000000de880000,0x00000000de880000,0x00000000df580000)
  to   space 16896K, 0% used [0x00000000e2480000,0x00000000e2480000,0x00000000e3500000)
 ParOldGen       total 105984K, used 25313K [0x0000000080000000, 0x0000000086780000, 0x00000000d5580000)
  object space 105984K, 23% used [0x0000000080000000,0x00000000818b86a8,0x0000000086780000)
 Metaspace       used 34742K, capacity 35210K, committed 35416K, reserved 1081344K
  class space    used 4356K, capacity 4515K, committed 4608K, reserved 1048576K
}
Event: 8.088 GC heap before
{Heap before GC invocations=12 (full 2):
 PSYoungGen      total 163840K, used 150528K [0x00000000d5580000, 0x00000000e3500000, 0x0000000100000000)
  eden space 150528K, 100% used [0x00000000d5580000,0x00000000de880000,0x00000000de880000)
  from space 13312K, 0% used [0x00000000de880000,0x00000000de880000,0x00000000df580000)
  to   space 16896K, 0% used [0x00000000e2480000,0x00000000e2480000,0x00000000e3500000)
 ParOldGen       total 105984K, used 25313K [0x0000000080000000, 0x0000000086780000, 0x00000000d5580000)
  object space 105984K, 23% used [0x0000000080000000,0x00000000818b86a8,0x0000000086780000)
 Metaspace       used 37323K, capacity 37964K, committed 38272K, reserved 1083392K
  class space    used 4686K, capacity 4878K, committed 4992K, reserved 1048576K
Event: 8.107 GC heap after
Heap after GC invocations=12 (full 2):
 PSYoungGen      total 197632K, used 7411K [0x00000000d5580000, 0x00000000e2d80000, 0x0000000100000000)
  eden space 188416K, 0% used [0x00000000d5580000,0x00000000d5580000,0x00000000e0d80000)
  from space 9216K, 80% used [0x00000000e2480000,0x00000000e2bbcce8,0x00000000e2d80000)
  to   space 16384K, 0% used [0x00000000e0d80000,0x00000000e0d80000,0x00000000e1d80000)
 ParOldGen       total 105984K, used 25321K [0x0000000080000000, 0x0000000086780000, 0x00000000d5580000)
  object space 105984K, 23% used [0x0000000080000000,0x00000000818ba6a8,0x0000000086780000)
 Metaspace       used 37323K, capacity 37964K, committed 38272K, reserved 1083392K
  class space    used 4686K, capacity 4878K, committed 4992K, reserved 1048576K
}

